Library/Bee/Android/Prj/Mono2x/Gradle/unityLibrary/IronSource.androidlib/build/intermediates/manifest_merge_blame_file/release/manifest-merger-blame-release-report.txt
1<?xml version="1.0" encoding="utf-8"?>
2<manifest xmlns:android="http://schemas.android.com/apk/res/android"
3    package="com.ironsource.unity" >
4
5    <uses-sdk
6        android:minSdkVersion="1"
6-->unityLibrary\IronSource.androidlib\AndroidManifest.xml
7        android:targetSdkVersion="9" />
7-->unityLibrary\IronSource.androidlib\AndroidManifest.xml
8
9    <uses-permission android:name="android.permission.INTERNET" />
9-->unityLibrary\IronSource.androidlib\AndroidManifest.xml:3:3-65
9-->unityLibrary\IronSource.androidlib\AndroidManifest.xml:3:20-62
10    <uses-permission android:name="android.permission.ACCESS_NETWORK_STATE" />
10-->unityLibrary\IronSource.androidlib\AndroidManifest.xml:4:3-77
10-->unityLibrary\IronSource.androidlib\AndroidManifest.xml:4:20-74
11    <uses-permission android:name="com.google.android.gms.permission.AD_ID" />
11-->unityLibrary\IronSource.androidlib\AndroidManifest.xml:13:3-77
11-->unityLibrary\IronSource.androidlib\AndroidManifest.xml:13:20-74
12
13    <application>
13-->unityLibrary\IronSource.androidlib\AndroidManifest.xml:5:3-12:17
14
15        <!-- AdMob -->
16        <!-- As Requiered By Admob please add your App ID -->
17        <!-- <meta-data -->
18        <!-- android:name="com.google.android.gms.ads.APPLICATION_ID" -->
19        <!-- android:value="YOUR_ADMOB_APP_ID"/> -->
20        <meta-data
20-->unityLibrary\IronSource.androidlib\AndroidManifest.xml:11:5-130
21            android:name="com.google.android.gms.ads.APPLICATION_ID"
21-->unityLibrary\IronSource.androidlib\AndroidManifest.xml:11:16-72
22            android:value="ca-app-pub-8225089705706111~7844261111" />
22-->unityLibrary\IronSource.androidlib\AndroidManifest.xml:11:73-127
23    </application>
24
25</manifest>